2024-09-23T12:04:39.738+05:30  INFO 692 --- [main] o.s.i.v.b.app.BootLanguageServerBootApp  : Starting BootLanguageServerBootApp v1.57.0-SNAPSHOT using Java 17.0.12 with PID 692 (C:\Users\msi1\.vscode\extensions\vmware.vscode-spring-boot-1.57.0\language-server\spring-boot-language-server-1.57.0-SNAPSHOT-exec.jar started by msi1 in d:\reactjs\spring-boot-example)
2024-09-23T12:04:39.748+05:30  INFO 692 --- [main] o.s.i.v.b.app.BootLanguageServerBootApp  : No active profile set, falling back to 1 default profile: "default"
2024-09-23T12:04:44.467+05:30  INFO 11784 --- [main] o.s.i.v.b.app.BootLanguageServerBootApp  : Starting BootLanguageServerBootApp v1.57.0-SNAPSHOT using Java 17.0.12 with PID 11784 (C:\Users\msi1\.vscode\extensions\vmware.vscode-spring-boot-1.57.0\language-server\spring-boot-language-server-1.57.0-SNAPSHOT-exec.jar started by msi1 in d:\reactjs\spring-boot-example)
2024-09-23T12:04:44.472+05:30  INFO 11784 --- [main] o.s.i.v.b.app.BootLanguageServerBootApp  : No active profile set, falling back to 1 default profile: "default"
2024-09-23T12:04:48.641+05:30  INFO 1988 --- [main] o.s.i.v.b.app.BootLanguageServerBootApp  : Starting BootLanguageServerBootApp v1.57.0-SNAPSHOT using Java 17.0.12 with PID 1988 (C:\Users\msi1\.vscode\extensions\vmware.vscode-spring-boot-1.57.0\language-server\spring-boot-language-server-1.57.0-SNAPSHOT-exec.jar started by msi1 in d:\reactjs\spring-boot-example)
2024-09-23T12:04:48.646+05:30  INFO 1988 --- [main] o.s.i.v.b.app.BootLanguageServerBootApp  : No active profile set, falling back to 1 default profile: "default"
2024-09-23T12:04:53.305+05:30  INFO 13540 --- [main] o.s.i.v.b.app.BootLanguageServerBootApp  : Starting BootLanguageServerBootApp v1.57.0-SNAPSHOT using Java 17.0.12 with PID 13540 (C:\Users\msi1\.vscode\extensions\vmware.vscode-spring-boot-1.57.0\language-server\spring-boot-language-server-1.57.0-SNAPSHOT-exec.jar started by msi1 in d:\reactjs\spring-boot-example)
2024-09-23T12:04:53.317+05:30  INFO 13540 --- [main] o.s.i.v.b.app.BootLanguageServerBootApp  : No active profile set, falling back to 1 default profile: "default"
2024-09-23T12:04:55.078+05:30  INFO 13540 --- [main] o.s.i.vscode.boot.app.SpringSymbolIndex  : project listener registered
2024-09-23T12:04:57.462+05:30  INFO 5072 --- [main] o.s.i.v.b.app.BootLanguageServerBootApp  : Starting BootLanguageServerBootApp v1.57.0-SNAPSHOT using Java 17.0.12 with PID 5072 (C:\Users\msi1\.vscode\extensions\vmware.vscode-spring-boot-1.57.0\language-server\spring-boot-language-server-1.57.0-SNAPSHOT-exec.jar started by msi1 in d:\reactjs\spring-boot-example)
2024-09-23T12:04:57.470+05:30  INFO 5072 --- [main] o.s.i.v.b.app.BootLanguageServerBootApp  : No active profile set, falling back to 1 default profile: "default"
2024-09-23T12:04:58.716+05:30  INFO 5072 --- [main] o.s.i.vscode.boot.app.SpringSymbolIndex  : project listener registered
2024-09-23T12:04:59.038+05:30  INFO 5072 --- [main] o.s.i.v.b.app.BootLanguageServerBootApp  : Started BootLanguageServerBootApp in 2.244 seconds (process running for 3.743)
2024-09-23T12:04:59.042+05:30  INFO 5072 --- [main] o.s.i.v.c.l.LanguageServerRunner         : java.home = c:\Users\msi1\.vscode\extensions\redhat.java-1.34.0-win32-x64\jre\17.0.12-win32-x86_64
2024-09-23T12:04:59.046+05:30  INFO 5072 --- [LanguageServerApp-lifecycle] o.s.i.v.c.l.LanguageServerRunner         : Server ready to start after 3750 ms
2024-09-23T12:04:59.047+05:30  INFO 5072 --- [LanguageServerApp-lifecycle] o.s.i.v.c.l.LanguageServerRunner         : Starting LS as client
2024-09-23T12:04:59.047+05:30  INFO 5072 --- [LanguageServerApp-lifecycle] o.s.i.v.c.l.LanguageServerRunner         : Connected to parent using stdio
2024-09-23T12:04:59.179+05:30  INFO 5072 --- [pool-14-thread-1] o.s.i.v.c.l.util.SimpleLanguageServer    : Initializing
2024-09-23T12:04:59.198+05:30  INFO 5072 --- [pool-14-thread-1] u.CompletionServerCapabilityRegistration : hasDynamicCompletionRegistration = true
2024-09-23T12:04:59.200+05:30  INFO 5072 --- [pool-14-thread-1] o.s.i.v.c.l.util.SimpleLanguageServer    : Returning server capabilities to client
2024-09-23T12:04:59.234+05:30  INFO 5072 --- [Simple-Language-Server main thread] u.CompletionServerCapabilityRegistration : Registering Dynamic Completion Capabality
2024-09-23T12:04:59.237+05:30  INFO 5072 --- [Simple-Language-Server main thread] o.s.i.v.b.a.BootVersionValidationConfig  : Started Boot Version reconciler
2024-09-23T12:04:59.242+05:30  INFO 5072 --- [Simple-Language-Server main thread] o.s.i.v.boot.jdt.ls.JdtLsProjectCache    : INIT CLASSPATH LISTENER enableClasspath=false
2024-09-23T12:04:59.244+05:30  INFO 5072 --- [Simple-Language-Server main thread] o.s.i.v.boot.jdt.ls.JdtLsProjectCache    : Enable classpath listener enabled = false current enablement = false
2024-09-23T12:04:59.246+05:30  INFO 5072 --- [Simple-Language-Server main thread] o.s.i.v.c.l.util.SimpleLanguageServer    : Initialization completed after 3950 ms
